  Ball.cpp
C:\Users\Zavio\Desktop\Rooandzavior\Pong_Networking\MPPNetworking\MPPNetworking\Ball.cpp(22,15): warning C4244: 'argument': conversion from 'time_t' to 'unsigned int', possible loss of data
  Game.cpp
  main.cpp
  Player.cpp
  UDPClient.cpp
C:\Users\Zavio\Desktop\Rooandzavior\Pong_Networking\MPPNetworking\MPPNetworking\Game.h(31,10): error C2039: 'cout': is not a member of 'std'
C:\Program Files (x86)\Windows Kits\10\Include\10.0.22621.0\ucrt\stddef.h(23,15): message : see declaration of 'std'
C:\Users\Zavio\Desktop\Rooandzavior\Pong_Networking\MPPNetworking\MPPNetworking\Game.h(31,10): error C2065: 'cout': undeclared identifier
C:\Users\Zavio\Desktop\Rooandzavior\Pong_Networking\MPPNetworking\MPPNetworking\Game.h(31,61): error C2039: 'endl': is not a member of 'std'
C:\Program Files (x86)\Windows Kits\10\Include\10.0.22621.0\ucrt\stddef.h(23,15): message : see declaration of 'std'
C:\Users\Zavio\Desktop\Rooandzavior\Pong_Networking\MPPNetworking\MPPNetworking\Game.h(31,61): error C2065: 'endl': undeclared identifier
C:\Users\Zavio\Desktop\Rooandzavior\Pong_Networking\MPPNetworking\MPPNetworking\Game.h(33,10): error C2039: 'cout': is not a member of 'std'
C:\Program Files (x86)\Windows Kits\10\Include\10.0.22621.0\ucrt\stddef.h(23,15): message : see declaration of 'std'
C:\Users\Zavio\Desktop\Rooandzavior\Pong_Networking\MPPNetworking\MPPNetworking\Game.h(33,10): error C2065: 'cout': undeclared identifier
C:\Users\Zavio\Desktop\Rooandzavior\Pong_Networking\MPPNetworking\MPPNetworking\Game.h(33,61): error C2039: 'endl': is not a member of 'std'
C:\Program Files (x86)\Windows Kits\10\Include\10.0.22621.0\ucrt\stddef.h(23,15): message : see declaration of 'std'
C:\Users\Zavio\Desktop\Rooandzavior\Pong_Networking\MPPNetworking\MPPNetworking\Game.h(33,61): error C2065: 'endl': undeclared identifier
C:\Users\Zavio\Desktop\Rooandzavior\Pong_Networking\MPPNetworking\MPPNetworking\UDPClient.cpp(149,42): error C2065: 'SQUARE_SIZE': undeclared identifier
C:\Users\Zavio\Desktop\Rooandzavior\Pong_Networking\MPPNetworking\MPPNetworking\UDPClient.cpp(149,55): error C2065: 'SQUARE_SIZE': undeclared identifier
C:\Users\Zavio\Desktop\Rooandzavior\Pong_Networking\MPPNetworking\MPPNetworking\UDPClient.cpp(159,57): error C2065: 'SQUARE_SIZE': undeclared identifier
C:\Users\Zavio\Desktop\Rooandzavior\Pong_Networking\MPPNetworking\MPPNetworking\UDPClient.cpp(159,70): error C2065: 'SQUARE_SIZE': undeclared identifier
C:\Users\Zavio\Desktop\Rooandzavior\Pong_Networking\MPPNetworking\MPPNetworking\UDPClient.cpp(126,19): fatal  error C1075: '{': no matching token found
  UDPServer.cpp
C:\Users\Zavio\Desktop\Rooandzavior\Pong_Networking\MPPNetworking\MPPNetworking\Game.h(31,10): error C2039: 'cout': is not a member of 'std'
C:\Program Files (x86)\Windows Kits\10\Include\10.0.22621.0\ucrt\stddef.h(23,15): message : see declaration of 'std'
C:\Users\Zavio\Desktop\Rooandzavior\Pong_Networking\MPPNetworking\MPPNetworking\Game.h(31,10): error C2065: 'cout': undeclared identifier
C:\Users\Zavio\Desktop\Rooandzavior\Pong_Networking\MPPNetworking\MPPNetworking\Game.h(31,61): error C2039: 'endl': is not a member of 'std'
C:\Program Files (x86)\Windows Kits\10\Include\10.0.22621.0\ucrt\stddef.h(23,15): message : see declaration of 'std'
C:\Users\Zavio\Desktop\Rooandzavior\Pong_Networking\MPPNetworking\MPPNetworking\Game.h(31,61): error C2065: 'endl': undeclared identifier
C:\Users\Zavio\Desktop\Rooandzavior\Pong_Networking\MPPNetworking\MPPNetworking\Game.h(33,10): error C2039: 'cout': is not a member of 'std'
C:\Program Files (x86)\Windows Kits\10\Include\10.0.22621.0\ucrt\stddef.h(23,15): message : see declaration of 'std'
C:\Users\Zavio\Desktop\Rooandzavior\Pong_Networking\MPPNetworking\MPPNetworking\Game.h(33,10): error C2065: 'cout': undeclared identifier
C:\Users\Zavio\Desktop\Rooandzavior\Pong_Networking\MPPNetworking\MPPNetworking\Game.h(33,61): error C2039: 'endl': is not a member of 'std'
C:\Program Files (x86)\Windows Kits\10\Include\10.0.22621.0\ucrt\stddef.h(23,15): message : see declaration of 'std'
C:\Users\Zavio\Desktop\Rooandzavior\Pong_Networking\MPPNetworking\MPPNetworking\Game.h(33,61): error C2065: 'endl': undeclared identifier
  Generating Code...
C:\Users\Zavio\Desktop\Rooandzavior\Pong_Networking\MPPNetworking\MPPNetworking\main.cpp(87): warning C4715: 'SDL_main': not all control paths return a value
